<?xml version="1.0" encoding="UTF-8"?>
<!-- Generated by org.testng.reporters.JUnitReportReporter -->
<testsuite hostname="DESKTOP-F8I6CN8" failures="0" tests="10" name="almosafer_test.almosafer" time="37.740" errors="0" timestamp="2024-11-08T19:43:17 AST" skipped="8">
  <testcase classname="almosafer_test.almosafer" name="RandomlyChangeTheLanguage" time="18.051"/>
  <system-out/>
  <testcase classname="almosafer_test.almosafer" name="CheckTheSortOption" time="19.689"/>
  <system-out/>
  <testcase classname="almosafer_test.almosafer" name="findResults">
    <skipped/>
  </testcase> <!-- findResults -->
  <system-out/>
  <testcase classname="almosafer_test.almosafer" name="CheckReturnDate">
    <skipped/>
  </testcase> <!-- CheckReturnDate -->
  <system-out/>
  <testcase classname="almosafer_test.almosafer" name="CheckQitafLogoIsThereInTheFooter">
    <skipped/>
  </testcase> <!-- CheckQitafLogoIsThereInTheFooter -->
  <system-out/>
  <testcase classname="almosafer_test.almosafer" name="CheckDepatureDate">
    <skipped/>
  </testcase> <!-- CheckDepatureDate -->
  <system-out/>
  <testcase classname="almosafer_test.almosafer" name="CheckContactNumber">
    <skipped/>
  </testcase> <!-- CheckContactNumber -->
  <system-out/>
  <testcase classname="almosafer_test.almosafer" name="CheckLanguage">
    <skipped/>
  </testcase> <!-- CheckLanguage -->
  <system-out/>
  <testcase classname="almosafer_test.almosafer" name="CheckTheDefaultCurrencyIsSAR">
    <skipped/>
  </testcase> <!-- CheckTheDefaultCurrencyIsSAR -->
  <system-out/>
  <testcase classname="almosafer_test.almosafer" name="CheckHotelTabIsNotSelected">
    <skipped/>
  </testcase> <!-- CheckHotelTabIsNotSelected -->
  <system-out/>
</testsuite> <!-- almosafer_test.almosafer -->
